{
  "RSpec": {
    "coverage": {
      "/Users/student/Desktop/Week6/MakersBnB/spec/features/sign_up_spec.rb": {
        "lines": [
          1,
          1,
          1,
          1,
          null,
          null
        ]
      },
      "/Users/student/Desktop/Week6/MakersBnB/spec/features/testing_infrastructure_spec.rb": {
        "lines": [
          1,
          1,
          1,
          1,
          null,
          null,
          null
        ]
      },
      "/Users/student/Desktop/Week6/MakersBnB/spec/features/viewing_spaces_spec.rb": {
        "lines": [
          1,
          1,
          1,
          1,
          null,
          null
        ]
      },
      "/Users/student/Desktop/Week6/MakersBnB/spec/unit/space_spec.rb": {
        "lines": [
          1,
          1,
          1,
          1,
          1,
          1,
          1,
          1,
          1,
          null,
          null,
          null,
          1,
          1,
          1,
          1,
          null,
          1,
          1,
          1,
          null,
          null,
          null
        ]
      }
    },
    "timestamp": 1582627812
  }
}
